DEBUG:root:Order:2 19 22.0
DEBUG:root:Finish turn

DEBUG:root:Order:2 20 22.0
DEBUG:root:Finish turn

DEBUG:root:Order:2 11 32.0
DEBUG:root:Finish turn

DEBUG:root:Order:2 12 32.0
DEBUG:root:Finish turn

DEBUG:root:Finish turn

DEBUG:root:Finish turn

DEBUG:root:Finish turn

DEBUG:root:Finish turn

DEBUG:root:Finish turn

DEBUG:root:Order:2 15 36.0
DEBUG:root:Finish turn

DEBUG:root:Order:2 20 2
DEBUG:root:Finish turn

DEBUG:root:Order:2 11 3
DEBUG:root:Finish turn

DEBUG:root:Order:2 11 1
DEBUG:root:Finish turn

DEBUG:root:Order:2 20 1
DEBUG:root:Order:11 20 1
DEBUG:root:Finish turn

DEBUG:root:Finish turn

DEBUG:root:Order:2 15 6
DEBUG:root:Order:11 15 6
DEBUG:root:Order:20 15 2
DEBUG:root:Finish turn

DEBUG:root:Order:2 19 2
DEBUG:root:Order:2 15 1
DEBUG:root:Finish turn

DEBUG:root:Order:11 19 1
DEBUG:root:Order:11 15 3
DEBUG:root:Finish turn

DEBUG:root:Order:15 19 1
DEBUG:root:Order:15 20 1
DEBUG:root:Finish turn

DEBUG:root:Order:2 19 1
DEBUG:root:Order:2 20 1
DEBUG:root:Finish turn

DEBUG:root:Order:2 8 37.0
DEBUG:root:Order:11 2 9
DEBUG:root:Order:15 2 7
DEBUG:root:Order:19 2 5
DEBUG:root:Order:20 2 5
DEBUG:root:Finish turn

DEBUG:root:Order:11 2 1
DEBUG:root:Order:11 19 1
DEBUG:root:Finish turn

DEBUG:root:Finish turn

DEBUG:root:Order:2 8 8
DEBUG:root:Order:11 8 8
DEBUG:root:Order:15 8 7
DEBUG:root:Order:19 8 5
DEBUG:root:Order:20 8 4
DEBUG:root:Finish turn

DEBUG:root:Order:2 8 13
DEBUG:root:Order:11 8 13
DEBUG:root:Order:15 8 12
DEBUG:root:Order:19 8 11
DEBUG:root:Order:20 8 11
DEBUG:root:Finish turn

DEBUG:root:Order:2 8 2
DEBUG:root:Order:11 8 2
DEBUG:root:Order:15 8 1
DEBUG:root:Finish turn

DEBUG:root:Order:2 8 1
DEBUG:root:Order:11 8 1
DEBUG:root:Finish turn

DEBUG:root:Order:2 19 1
DEBUG:root:Order:2 20 1
DEBUG:root:Finish turn

DEBUG:root:Order:11 21 43.0
DEBUG:root:Order:2 11 7
DEBUG:root:Order:15 11 7
DEBUG:root:Order:8 11 6
DEBUG:root:Order:19 11 5
DEBUG:root:Order:20 11 5
DEBUG:root:Finish turn

DEBUG:root:Order:2 11 1
DEBUG:root:Finish turn

DEBUG:root:Order:8 9 47.0
DEBUG:root:Order:2 8 9
DEBUG:root:Order:15 8 8
DEBUG:root:Order:11 8 7
DEBUG:root:Order:19 8 6
DEBUG:root:Order:20 8 6
DEBUG:root:Finish turn

DEBUG:root:Order:2 8 2
DEBUG:root:Order:11 8 2
DEBUG:root:Order:15 8 1
DEBUG:root:Finish turn

DEBUG:root:Order:2 8 1
DEBUG:root:Order:11 8 1
DEBUG:root:Finish turn

DEBUG:root:Order:8 10 47.0
DEBUG:root:Order:2 8 9
DEBUG:root:Order:11 8 9
DEBUG:root:Order:15 8 8
DEBUG:root:Order:19 8 6
DEBUG:root:Order:20 8 6
DEBUG:root:Finish turn

DEBUG:root:Order:2 9 7
DEBUG:root:Order:11 9 7
DEBUG:root:Order:15 9 6
DEBUG:root:Order:19 9 5
DEBUG:root:Order:20 9 5
DEBUG:root:Order:8 9 4
DEBUG:root:Finish turn

DEBUG:root:Order:2 9 6
DEBUG:root:Order:11 9 6
DEBUG:root:Order:15 9 5
DEBUG:root:Order:8 9 4
DEBUG:root:Order:19 9 4
DEBUG:root:Order:20 9 4
DEBUG:root:Finish turn

DEBUG:root:Order:2 21 6
DEBUG:root:Order:11 21 6
DEBUG:root:Order:15 21 5
DEBUG:root:Order:8 21 4
DEBUG:root:Order:19 21 4
DEBUG:root:Order:20 21 4
DEBUG:root:Finish turn

DEBUG:root:Order:2 21 2
DEBUG:root:Order:11 21 2
DEBUG:root:Order:15 21 1
DEBUG:root:Order:15 9 1
DEBUG:root:Finish turn

DEBUG:root:Order:8 17 51.0
DEBUG:root:Order:2 8 8
DEBUG:root:Order:11 8 8
DEBUG:root:Order:15 8 6
DEBUG:root:Order:19 8 6
DEBUG:root:Order:20 8 6
DEBUG:root:Order:9 8 5
DEBUG:root:Order:21 8 3
DEBUG:root:Finish turn

DEBUG:root:Order:2 19 14
DEBUG:root:Order:11 19 14
DEBUG:root:Order:15 19 13
DEBUG:root:Order:20 19 12
DEBUG:root:Order:9 19 1
DEBUG:root:Order:9 21 11
DEBUG:root:Order:8 21 9
DEBUG:root:Finish turn

DEBUG:root:Order:2 21 2
DEBUG:root:Order:2 9 1
DEBUG:root:Order:2 19 2
DEBUG:root:Order:11 19 2
DEBUG:root:Order:15 19 1
DEBUG:root:Finish turn

DEBUG:root:Order:19 21 3
DEBUG:root:Order:19 9 2
DEBUG:root:Order:19 2 1
DEBUG:root:Order:19 8 3
DEBUG:root:Order:11 8 1
DEBUG:root:Finish turn

DEBUG:root:Order:8 14 55.0
DEBUG:root:Order:11 8 12
DEBUG:root:Order:2 8 11
DEBUG:root:Order:15 8 11
DEBUG:root:Order:20 8 7
DEBUG:root:Order:20 17 9
DEBUG:root:Order:9 17 8
DEBUG:root:Order:21 17 6
DEBUG:root:Finish turn

DEBUG:root:Order:19 17 11
DEBUG:root:Order:2 17 9
DEBUG:root:Order:11 17 9
DEBUG:root:Order:15 17 8
DEBUG:root:Order:8 17 6
DEBUG:root:Order:9 17 6
DEBUG:root:Order:21 17 6
DEBUG:root:Finish turn

DEBUG:root:Order:2 20 9
DEBUG:root:Order:11 20 9
DEBUG:root:Order:15 20 8
DEBUG:root:Order:8 20 7
DEBUG:root:Order:19 20 7
DEBUG:root:Order:9 20 6
DEBUG:root:Order:21 20 5
DEBUG:root:Finish turn

DEBUG:root:Order:2 20 2
DEBUG:root:Order:11 20 2
DEBUG:root:Order:15 20 1
DEBUG:root:Order:15 21 1
DEBUG:root:Order:15 9 1
DEBUG:root:Finish turn

DEBUG:root:Order:2 21 2
DEBUG:root:Order:2 9 2
DEBUG:root:Order:11 9 2
DEBUG:root:Finish turn

DEBUG:root:Order:9 21 2
DEBUG:root:Order:11 21 1
DEBUG:root:Order:11 20 1
DEBUG:root:Finish turn

DEBUG:root:Order:2 21 1
DEBUG:root:Order:11 21 1
DEBUG:root:Order:11 9 1
DEBUG:root:Order:11 17 1
DEBUG:root:Finish turn

DEBUG:root:Order:2 21 2
DEBUG:root:Order:2 9 1
DEBUG:root:Order:2 20 2
DEBUG:root:Order:15 20 1
DEBUG:root:Finish turn

DEBUG:root:Order:11 8 4
DEBUG:root:Order:20 8 4
DEBUG:root:Order:15 8 3
DEBUG:root:Order:17 8 2
DEBUG:root:Order:2 8 1
DEBUG:root:Finish turn

DEBUG:root:Order:2 8 11
DEBUG:root:Order:11 8 11
DEBUG:root:Order:15 8 10
DEBUG:root:Order:17 8 9
DEBUG:root:Order:20 8 9
DEBUG:root:Order:9 8 8
DEBUG:root:Order:21 8 6
DEBUG:root:Finish turn

DEBUG:root:Order:2 8 2
DEBUG:root:Order:11 8 1
DEBUG:root:Order:11 21 1
DEBUG:root:Order:11 9 2
DEBUG:root:Order:15 9 1
DEBUG:root:Finish turn

DEBUG:root:Order:17 5 71.0
DEBUG:root:Order:20 6 71.0
DEBUG:root:Order:2 17 21
DEBUG:root:Order:9 17 20
DEBUG:root:Order:15 17 10
DEBUG:root:Order:15 20 20
DEBUG:root:Order:11 20 19
DEBUG:root:Order:8 20 12
DEBUG:root:Bad order:8 6.0 13
DEBUG:root:Finish turn

DEBUG:root:Order:21 14 16
DEBUG:root:Order:8 14 8
DEBUG:root:Order:2 14 4
DEBUG:root:Order:11 14 4
DEBUG:root:Order:10 14 2
DEBUG:root:Order:9 14 1
DEBUG:root:Order:17 14 1
DEBUG:root:Order:20 14 1
DEBUG:root:Finish turn

DEBUG:root:Order:2 15 2
DEBUG:root:Order:11 15 2
DEBUG:root:Finish turn

DEBUG:root:Order:2 6 4
DEBUG:root:Order:11 6 4
DEBUG:root:Order:8 6 2
DEBUG:root:Order:17 6 2
DEBUG:root:Order:20 6 2
DEBUG:root:Order:15 6 1
DEBUG:root:Finish turn

DEBUG:root:Order:2 6 4
DEBUG:root:Order:11 6 4
DEBUG:root:Order:15 6 3
DEBUG:root:Order:8 6 2
DEBUG:root:Order:17 6 2
DEBUG:root:Order:9 6 1
DEBUG:root:Order:10 6 1
DEBUG:root:Finish turn

DEBUG:root:Order:2 21 2
DEBUG:root:Order:11 21 1
DEBUG:root:Order:11 6 2
DEBUG:root:Order:11 14 1
DEBUG:root:Order:11 9 2
DEBUG:root:Order:15 9 1
DEBUG:root:Finish turn

DEBUG:root:Order:8 3 87.0
DEBUG:root:Order:2 8 27
DEBUG:root:Order:17 8 25
DEBUG:root:Order:6 8 9
DEBUG:root:Bad order:6 0.0 23
DEBUG:root:Order:11 15 23
DEBUG:root:Bad order:14 17.0 23
DEBUG:root:Order:21 15 22
DEBUG:root:Finish turn

DEBUG:root:Bad order:14 19.0 23
DEBUG:root:Bad order:6 2.0 14
DEBUG:root:Order:2 9 3
DEBUG:root:Order:11 9 3
DEBUG:root:Order:17 9 1
DEBUG:root:Finish turn

DEBUG:root:Bad order:14 21.0 22
DEBUG:root:Order:14 10 9
DEBUG:root:Order:14 21 7
DEBUG:root:Order:14 15 3
DEBUG:root:Finish turn

DEBUG:root:Bad order:6 6.0 12
DEBUG:root:Order:2 9 4
DEBUG:root:Order:11 9 4
DEBUG:root:Bad order:20 1.0 3
DEBUG:root:Order:14 9 2
DEBUG:root:Finish turn

DEBUG:root:Order:2 20 9
DEBUG:root:Order:11 20 9
DEBUG:root:Order:15 20 8
DEBUG:root:Order:8 20 7
DEBUG:root:Order:17 20 7
DEBUG:root:Order:17 9 7
DEBUG:root:Order:14 9 1
DEBUG:root:Finish turn

DEBUG:root:Order:14 17 3
DEBUG:root:Order:2 17 1
DEBUG:root:Order:11 17 1
DEBUG:root:Finish turn

DEBUG:root:Order:2 21 4
DEBUG:root:Order:11 21 4
DEBUG:root:Order:15 21 3
DEBUG:root:Order:8 21 1
DEBUG:root:Order:20 21 1
DEBUG:root:Finish turn

DEBUG:root:Order:2 21 2
DEBUG:root:Order:11 21 1
DEBUG:root:Order:11 9 1
DEBUG:root:Order:11 17 2
DEBUG:root:Order:15 17 1
DEBUG:root:Finish turn

DEBUG:root:Order:2 14 3
DEBUG:root:Order:17 14 3
DEBUG:root:Order:15 14 2
DEBUG:root:Order:15 21 2
DEBUG:root:Order:15 9 1
DEBUG:root:Finish turn

DEBUG:root:Order:15 4 87.0
DEBUG:root:Order:11 15 17
DEBUG:root:Order:2 15 16
DEBUG:root:Order:8 15 15
DEBUG:root:Order:20 15 15
DEBUG:root:Order:17 15 11
DEBUG:root:Bad order:17 0.0 14
DEBUG:root:Order:9 14 13
DEBUG:root:Bad order:21 9.0 12
DEBUG:root:Finish turn

DEBUG:root:Order:21 14 9
DEBUG:root:Order:6 14 3
DEBUG:root:Order:17 14 2
DEBUG:root:Order:2 14 1
DEBUG:root:Order:11 14 1
DEBUG:root:Finish turn

DEBUG:root:Order:2 17 14
DEBUG:root:Order:11 17 14
DEBUG:root:Order:15 17 12
DEBUG:root:Order:8 17 11
DEBUG:root:Order:20 17 11
DEBUG:root:Bad order:21 5.0 10
DEBUG:root:Order:9 17 9
DEBUG:root:Order:14 17 9
DEBUG:root:Order:5 17 1
DEBUG:root:Finish turn

DEBUG:root:Order:21 5 9
DEBUG:root:Order:2 5 3
DEBUG:root:Order:11 5 1
DEBUG:root:Order:11 6 3
DEBUG:root:Order:15 6 2
DEBUG:root:Order:8 6 1
DEBUG:root:Order:20 6 1
DEBUG:root:Order:20 17 1
DEBUG:root:Finish turn

DEBUG:root:Order:2 17 2
DEBUG:root:Order:2 5 1
DEBUG:root:Order:2 6 1
DEBUG:root:Order:2 21 1
DEBUG:root:Order:2 9 2
DEBUG:root:Order:11 9 1
DEBUG:root:Finish turn

DEBUG:root:Order:9 11 7
DEBUG:root:Order:8 11 6
DEBUG:root:Order:17 11 5
DEBUG:root:Order:20 11 5
DEBUG:root:Order:5 11 4
DEBUG:root:Order:6 11 4
DEBUG:root:Order:14 11 4
DEBUG:root:Order:2 11 3
DEBUG:root:Order:21 11 3
DEBUG:root:Finish turn

DEBUG:root:Bad order:15 4.0 5
DEBUG:root:Order:15 5 4
DEBUG:root:Bad order:15 0.0 4
DEBUG:root:Bad order:15 0.0 4
DEBUG:root:Bad order:15 0.0 4
DEBUG:root:Bad order:15 0.0 4
DEBUG:root:Bad order:15 0.0 3
DEBUG:root:Bad order:15 0.0 3
DEBUG:root:Bad order:15 0.0 3
DEBUG:root:Bad order:15 0.0 1
DEBUG:root:Finish turn

DEBUG:root:Bad order:2 12.0 15
DEBUG:root:Bad order:5 6.0 13
DEBUG:root:Order:11 8 12
DEBUG:root:Order:17 8 11
DEBUG:root:Order:20 8 11
DEBUG:root:Order:6 8 9
DEBUG:root:Order:14 8 9
DEBUG:root:Order:21 8 7
DEBUG:root:Finish turn

DEBUG:root:Order:2 9 16
DEBUG:root:Bad order:2 1.0 6
DEBUG:root:Bad order:2 1.0 5
DEBUG:root:Finish turn

DEBUG:root:Order:11 8 5
DEBUG:root:Order:2 8 1
DEBUG:root:Order:2 15 4
DEBUG:root:Order:2 9 1
DEBUG:root:Bad order:2 0.0 4
DEBUG:root:Order:17 14 1
DEBUG:root:Order:20 14 1
DEBUG:root:Finish turn

DEBUG:root:Order:11 9 1
DEBUG:root:Order:11 8 2
DEBUG:root:Finish turn

DEBUG:root:Order:2 3 2
DEBUG:root:Order:8 3 1
DEBUG:root:Order:11 3 1
DEBUG:root:Order:15 3 1
DEBUG:root:Finish turn

DEBUG:root:Order:2 20 7
DEBUG:root:Order:11 20 7
DEBUG:root:Order:15 20 6
DEBUG:root:Order:8 20 5
DEBUG:root:Order:17 20 5
DEBUG:root:Order:17 3 5
DEBUG:root:Order:14 3 3
DEBUG:root:Order:9 3 1
DEBUG:root:Finish turn

DEBUG:root:Order:2 17 2
DEBUG:root:Order:15 17 1
DEBUG:root:Finish turn

DEBUG:root:Order:2 3 3
DEBUG:root:Order:15 3 1
DEBUG:root:Order:15 14 1
DEBUG:root:Order:15 17 1
DEBUG:root:Finish turn

DEBUG:root:Order:2 3 1
DEBUG:root:Order:2 9 2
DEBUG:root:Order:8 9 1
DEBUG:root:Finish turn

DEBUG:root:Order:2 3 1
DEBUG:root:Order:9 3 1
DEBUG:root:Order:9 14 1
DEBUG:root:Finish turn

DEBUG:root:Order:2 3 2
DEBUG:root:Order:2 9 1
DEBUG:root:Order:2 14 1
DEBUG:root:Finish turn

DEBUG:root:Order:15 14 7
DEBUG:root:Order:2 14 4
DEBUG:root:Order:8 14 4
DEBUG:root:Order:17 14 4
DEBUG:root:Order:20 14 4
DEBUG:root:Order:9 14 2
DEBUG:root:Order:3 14 1
DEBUG:root:Finish turn

DEBUG:root:Order:2 9 9
DEBUG:root:Order:15 9 8
DEBUG:root:Order:8 9 7
DEBUG:root:Order:17 9 7
DEBUG:root:Order:20 9 7
DEBUG:root:Order:3 9 5
DEBUG:root:Order:14 9 1
DEBUG:root:Finish turn

DEBUG:root:Order:2 9 1
DEBUG:root:Order:2 14 1
DEBUG:root:Order:2 8 1
DEBUG:root:Finish turn

DEBUG:root:Order:8 2 32
DEBUG:root:Order:17 2 31
DEBUG:root:Bad order:9 24.0 30
DEBUG:root:Bad order:9 24.0 30
DEBUG:root:Bad order:14 21.0 30
DEBUG:root:Bad order:20 5.0 25
DEBUG:root:Bad order:4 1.0 11
DEBUG:root:Finish turn

DEBUG:root:Bad order:9 26.0 33
DEBUG:root:Bad order:14 24.0 33
DEBUG:root:Bad order:20 8.0 14
DEBUG:root:Order:8 15 4
DEBUG:root:Order:17 15 4
DEBUG:root:Order:4 15 2
DEBUG:root:Finish turn

DEBUG:root:Order:9 15 32
DEBUG:root:Order:14 15 22
DEBUG:root:Bad order:14 5.0 22
DEBUG:root:Order:14 4 1
DEBUG:root:Finish turn

DEBUG:root:Bad order:20 4.0 14
DEBUG:root:Bad order:14 7.0 8
DEBUG:root:Finish turn

DEBUG:root:Order:14 2 9
DEBUG:root:Order:15 2 3
DEBUG:root:Order:8 2 2
DEBUG:root:Order:17 2 2
DEBUG:root:Order:17 4 2
DEBUG:root:Order:17 20 2
DEBUG:root:Finish turn

DEBUG:root:Order:2 17 1
DEBUG:root:Order:15 17 1
DEBUG:root:Order:20 17 1
DEBUG:root:Order:20 4 1
DEBUG:root:Finish turn

DEBUG:root:Order:2 4 2
DEBUG:root:Order:15 4 1
DEBUG:root:Order:15 9 1
DEBUG:root:Order:15 17 1
DEBUG:root:Finish turn

DEBUG:root:Order:2 4 2
DEBUG:root:Order:2 9 1
DEBUG:root:Order:2 15 2
DEBUG:root:Finish turn

DEBUG:root:Order:15 20 4
DEBUG:root:Order:8 20 2
DEBUG:root:Order:17 20 2
DEBUG:root:Order:2 20 1
DEBUG:root:Finish turn

DEBUG:root:Order:2 20 2
DEBUG:root:Order:2 9 1
DEBUG:root:Finish turn

DEBUG:root:Order:2 0 127.0
DEBUG:root:Order:15 2 33
DEBUG:root:Order:17 2 31
DEBUG:root:Order:9 2 30
DEBUG:root:Finish turn

DEBUG:root:Finish turn

DEBUG:root:Order:2 9 2
DEBUG:root:Order:2 8 2
DEBUG:root:Order:15 8 1
DEBUG:root:Finish turn

DEBUG:root:Order:8 2 1
DEBUG:root:Finish turn

DEBUG:root:Order:2 8 1
DEBUG:root:Finish turn

DEBUG:root:Order:2 8 1
DEBUG:root:Finish turn

DEBUG:root:Order:2 8 1
DEBUG:root:Finish turn

DEBUG:root:Order:2 8 5
DEBUG:root:Order:15 8 4
DEBUG:root:Finish turn

DEBUG:root:Order:2 8 1
DEBUG:root:Finish turn

DEBUG:root:Order:2 8 1
DEBUG:root:Finish turn

DEBUG:root:Order:2 8 1
DEBUG:root:Finish turn

DEBUG:root:Bad order:8 12.0 24
DEBUG:root:Order:8 2 7
DEBUG:root:Finish turn

DEBUG:root:Bad order:0 1.0 23
DEBUG:root:Bad order:8 9.0 15
DEBUG:root:Finish turn

DEBUG:root:Bad order:8 13.0 20
DEBUG:root:Bad order:0 4.0 8
DEBUG:root:Finish turn

DEBUG:root:Bad order:0 7.0 13
DEBUG:root:Order:2 15 6
DEBUG:root:Finish turn

DEBUG:root:Bad order:0 10.0 12
DEBUG:root:Order:2 15 1
DEBUG:root:Finish turn

DEBUG:root:Order:0 15 11
DEBUG:root:Order:2 15 1
DEBUG:root:Finish turn

DEBUG:root:Order:2 15 1
DEBUG:root:Order:2 0 1
DEBUG:root:Finish turn

DEBUG:root:Finish turn

DEBUG:root:Finish turn

DEBUG:root:Finish turn

DEBUG:root:Finish turn

DEBUG:root:Finish turn

DEBUG:root:Finish turn

DEBUG:root:Finish turn

DEBUG:root:Finish turn

DEBUG:root:Finish turn

DEBUG:root:Finish turn

DEBUG:root:Finish turn

